<?xml version="1.0" encoding="UTF-8"?>
<!-- Generated by org.testng.reporters.JUnitReportReporter -->
<testsuite hostname="Gopinath" failures="0" tests="1" name="runner.TestRunner" time="8.850" errors="0" timestamp="2024-08-28T07:54:05 IST" skipped="0">
  <testcase classname="runner.TestRunner" name="runScenario" time="8.850"/>
</testsuite> <!-- runner.TestRunner -->
